2020-07-21 15:16:25 [restartedMain] INFO  com.sms.SmsRepositoryApplication - Starting SmsRepositoryApplication on prashant-Lenovo-G50-80 with PID 18554 (/home/prashant/DriveA/TrainingData/SpringWS/kyk-app/kyk-services-aws/target/classes started by prashant in /home/prashant/DriveA/TrainingData/SpringWS/kyk-app/kyk-services-aws)
2020-07-21 15:16:25 [restartedMain] INFO  com.sms.SmsRepositoryApplication - No active profile set, falling back to default profiles: default
2020-07-21 15:16:26 [restartedMain] INFO  o.s.b.d.e.DevToolsPropertyDefaultsPostProcessor - Devtools property defaults active! Set 'spring.devtools.add-properties' to 'false' to disable
2020-07-21 15:16:26 [restartedMain] INFO  o.s.b.d.e.DevToolsPropertyDefaultsPostProcessor - For additional web related logging consider setting the 'logging.level.web' property to 'DEBUG'
2020-07-21 15:16:29 [restartedMain] INFO  o.s.b.w.e.tomcat.TomcatWebServer - Tomcat initialized with port(s): 8100 (http)
2020-07-21 15:16:29 [restartedMain] INFO  o.a.catalina.core.StandardService - Starting service [Tomcat]
2020-07-21 15:16:29 [restartedMain] INFO  o.a.catalina.core.StandardEngine - Starting Servlet engine: [Apache Tomcat/9.0.16]
2020-07-21 15:16:29 [restartedMain] INFO  o.a.c.core.AprLifecycleListener - The APR based Apache Tomcat Native library which allows optimal performance in production environments was not found on the java.library.path: [/usr/java/packages/lib/amd64:/usr/lib64:/lib64:/lib:/usr/lib]
2020-07-21 15:16:29 [restartedMain] INFO  o.a.c.c.C.[Tomcat].[localhost].[/] - Initializing Spring embedded WebApplicationContext
2020-07-21 15:16:29 [restartedMain] INFO  o.s.web.context.ContextLoader - Root WebApplicationContext: initialization completed in 3346 ms
2020-07-21 15:16:31 [restartedMain] INFO  o.s.s.web.DefaultSecurityFilterChain - Creating filter chain: any request, [org.springframework.security.web.context.request.async.WebAsyncManagerIntegrationFilter@64872b4d, org.springframework.security.web.context.SecurityContextPersistenceFilter@fd7ee5d, org.springframework.security.web.header.HeaderWriterFilter@6f5eefba, com.sms.filter.JwtRequestFilter@1026c70, org.springframework.security.web.savedrequest.RequestCacheAwareFilter@13f5db7f, org.springframework.security.web.servletapi.SecurityContextHolderAwareRequestFilter@66fd900f, org.springframework.security.web.authentication.AnonymousAuthenticationFilter@4b83b484, org.springframework.security.web.session.SessionManagementFilter@22f7ba72, org.springframework.security.web.access.ExceptionTranslationFilter@7cc8425a, org.springframework.security.web.access.intercept.FilterSecurityInterceptor@45856c13]
2020-07-21 15:16:31 [restartedMain] INFO  o.s.s.c.ThreadPoolTaskExecutor - Initializing ExecutorService 'applicationTaskExecutor'
2020-07-21 15:16:31 [restartedMain] INFO  o.s.b.d.a.OptionalLiveReloadServer - LiveReload server is running on port 35729
2020-07-21 15:16:31 [restartedMain] INFO  o.s.b.w.e.tomcat.TomcatWebServer - Tomcat started on port(s): 8100 (http) with context path ''
2020-07-21 15:16:31 [restartedMain] INFO  com.sms.SmsRepositoryApplication - Started SmsRepositoryApplication in 6.751 seconds (JVM running for 9.227)
2020-07-21 15:16:34 [http-nio-8100-exec-2] INFO  o.a.c.c.C.[Tomcat].[localhost].[/] - Initializing Spring DispatcherServlet 'dispatcherServlet'
2020-07-21 15:16:34 [http-nio-8100-exec-2] INFO  o.s.web.servlet.DispatcherServlet - Initializing Servlet 'dispatcherServlet'
2020-07-21 15:16:34 [http-nio-8100-exec-2] INFO  o.s.web.servlet.DispatcherServlet - Completed initialization in 14 ms
2020-07-21 15:16:34 [http-nio-8100-exec-2] WARN  com.sms.filter.JwtRequestFilter - JWT Token does not begin with Bearer String
2020-07-21 15:16:34 [http-nio-8100-exec-2] WARN  com.sms.filter.JwtRequestFilter - JWT Token does not begin with Bearer String
2020-07-21 15:16:34 [http-nio-8100-exec-2] WARN  c.a.http.apache.utils.ApacheUtils - NoSuchMethodException was thrown when disabling normalizeUri. This indicates you are using an old version (< 4.5.8) of Apache http client. It is recommended to use http client version >= 4.5.9 to avoid the breaking change introduced in apache client 4.5.7 and the latency in exception handling. See https://github.com/aws/aws-sdk-java/issues/1919 for more information
2020-07-21 15:16:35 [http-nio-8100-exec-1] WARN  com.sms.filter.JwtRequestFilter - JWT Token does not begin with Bearer String
2020-07-21 15:16:35 [http-nio-8100-exec-3] WARN  com.sms.filter.JwtRequestFilter - JWT Token does not begin with Bearer String
2020-07-21 15:16:35 [http-nio-8100-exec-4] WARN  com.sms.filter.JwtRequestFilter - JWT Token does not begin with Bearer String
2020-07-21 15:16:35 [http-nio-8100-exec-5] WARN  com.sms.filter.JwtRequestFilter - JWT Token does not begin with Bearer String
2020-07-21 15:19:06 [http-nio-8100-exec-9] WARN  com.sms.filter.JwtRequestFilter - JWT Token does not begin with Bearer String
2020-07-21 15:19:06 [http-nio-8100-exec-10] WARN  com.sms.filter.JwtRequestFilter - JWT Token does not begin with Bearer String
2020-07-21 15:21:22 [http-nio-8100-exec-3] WARN  com.sms.filter.JwtRequestFilter - JWT Token does not begin with Bearer String
2020-07-21 15:23:07 [http-nio-8100-exec-5] WARN  com.sms.filter.JwtRequestFilter - JWT Token does not begin with Bearer String
2020-07-21 15:23:09 [http-nio-8100-exec-4] WARN  com.sms.filter.JwtRequestFilter - JWT Token does not begin with Bearer String
2020-07-21 15:23:12 [http-nio-8100-exec-6] WARN  com.sms.filter.JwtRequestFilter - JWT Token does not begin with Bearer String
2020-07-21 15:26:50 [http-nio-8100-exec-7] WARN  com.sms.filter.JwtRequestFilter - JWT Token does not begin with Bearer String
2020-07-21 15:27:50 [http-nio-8100-exec-10] WARN  com.sms.filter.JwtRequestFilter - JWT Token does not begin with Bearer String
2020-07-21 15:29:11 [http-nio-8100-exec-3] WARN  com.sms.filter.JwtRequestFilter - JWT Token does not begin with Bearer String
2020-07-21 15:32:15 [http-nio-8100-exec-5] WARN  com.sms.filter.JwtRequestFilter - JWT Token does not begin with Bearer String
2020-07-21 15:33:24 [http-nio-8100-exec-6] WARN  com.sms.filter.JwtRequestFilter - JWT Token does not begin with Bearer String
2020-07-21 15:34:54 [http-nio-8100-exec-7] WARN  com.sms.filter.JwtRequestFilter - JWT Token does not begin with Bearer String
2020-07-21 15:34:55 [http-nio-8100-exec-9] WARN  com.sms.filter.JwtRequestFilter - JWT Token does not begin with Bearer String
2020-07-21 15:34:55 [http-nio-8100-exec-10] WARN  com.sms.filter.JwtRequestFilter - JWT Token does not begin with Bearer String
2020-07-21 15:37:39 [http-nio-8100-exec-1] WARN  com.sms.filter.JwtRequestFilter - JWT Token does not begin with Bearer String
2020-07-21 15:37:39 [http-nio-8100-exec-5] WARN  com.sms.filter.JwtRequestFilter - JWT Token does not begin with Bearer String
2020-07-21 15:40:55 [http-nio-8100-exec-8] WARN  com.sms.filter.JwtRequestFilter - JWT Token does not begin with Bearer String
2020-07-21 15:40:56 [http-nio-8100-exec-7] WARN  com.sms.filter.JwtRequestFilter - JWT Token does not begin with Bearer String
2020-07-21 15:40:56 [http-nio-8100-exec-9] WARN  com.sms.filter.JwtRequestFilter - JWT Token does not begin with Bearer String
2020-07-21 15:40:57 [http-nio-8100-exec-10] WARN  com.sms.filter.JwtRequestFilter - JWT Token does not begin with Bearer String
2020-07-21 15:42:32 [http-nio-8100-exec-3] WARN  com.sms.filter.JwtRequestFilter - JWT Token does not begin with Bearer String
2020-07-21 15:42:32 [http-nio-8100-exec-1] WARN  com.sms.filter.JwtRequestFilter - JWT Token does not begin with Bearer String
2020-07-21 15:42:32 [http-nio-8100-exec-5] WARN  com.sms.filter.JwtRequestFilter - JWT Token does not begin with Bearer String
2020-07-21 15:42:32 [http-nio-8100-exec-4] WARN  com.sms.filter.JwtRequestFilter - JWT Token does not begin with Bearer String
2020-07-21 15:42:32 [http-nio-8100-exec-6] WARN  com.sms.filter.JwtRequestFilter - JWT Token does not begin with Bearer String
2020-07-21 15:42:32 [http-nio-8100-exec-8] WARN  com.sms.filter.JwtRequestFilter - JWT Token does not begin with Bearer String
2020-07-21 15:43:27 [http-nio-8100-exec-7] WARN  com.sms.filter.JwtRequestFilter - JWT Token does not begin with Bearer String
2020-07-21 15:43:31 [http-nio-8100-exec-9] WARN  com.sms.filter.JwtRequestFilter - JWT Token does not begin with Bearer String
2020-07-21 15:43:33 [http-nio-8100-exec-2] WARN  com.sms.filter.JwtRequestFilter - JWT Token does not begin with Bearer String
2020-07-21 15:44:26 [http-nio-8100-exec-3] WARN  com.sms.filter.JwtRequestFilter - JWT Token does not begin with Bearer String
2020-07-21 15:44:38 [http-nio-8100-exec-1] WARN  com.sms.filter.JwtRequestFilter - JWT Token does not begin with Bearer String
2020-07-21 15:45:14 [http-nio-8100-exec-5] WARN  com.sms.filter.JwtRequestFilter - JWT Token does not begin with Bearer String
2020-07-21 15:45:57 [http-nio-8100-exec-4] WARN  com.sms.filter.JwtRequestFilter - JWT Token does not begin with Bearer String
2020-07-21 15:46:12 [http-nio-8100-exec-6] WARN  com.sms.filter.JwtRequestFilter - JWT Token does not begin with Bearer String
2020-07-21 15:48:26 [http-nio-8100-exec-7] WARN  com.sms.filter.JwtRequestFilter - JWT Token does not begin with Bearer String
2020-07-21 15:48:27 [http-nio-8100-exec-9] WARN  com.sms.filter.JwtRequestFilter - JWT Token does not begin with Bearer String
2020-07-21 15:53:54 [http-nio-8100-exec-2] WARN  com.sms.filter.JwtRequestFilter - JWT Token does not begin with Bearer String
2020-07-21 15:53:54 [http-nio-8100-exec-3] WARN  com.sms.filter.JwtRequestFilter - JWT Token does not begin with Bearer String
2020-07-21 15:53:55 [http-nio-8100-exec-1] WARN  com.sms.filter.JwtRequestFilter - JWT Token does not begin with Bearer String
2020-07-21 15:53:55 [http-nio-8100-exec-5] WARN  com.sms.filter.JwtRequestFilter - JWT Token does not begin with Bearer String
2020-07-21 15:53:55 [http-nio-8100-exec-4] WARN  com.sms.filter.JwtRequestFilter - JWT Token does not begin with Bearer String
2020-07-21 15:53:55 [http-nio-8100-exec-6] WARN  com.sms.filter.JwtRequestFilter - JWT Token does not begin with Bearer String
2020-07-21 15:54:12 [http-nio-8100-exec-8] WARN  com.sms.filter.JwtRequestFilter - JWT Token does not begin with Bearer String
2020-07-21 15:54:16 [http-nio-8100-exec-7] WARN  com.sms.filter.JwtRequestFilter - JWT Token does not begin with Bearer String
2020-07-21 15:56:52 [http-nio-8100-exec-2] WARN  com.sms.filter.JwtRequestFilter - JWT Token does not begin with Bearer String
2020-07-21 15:56:53 [http-nio-8100-exec-3] WARN  com.sms.filter.JwtRequestFilter - JWT Token does not begin with Bearer String
2020-07-21 16:02:37 [http-nio-8100-exec-5] WARN  com.sms.filter.JwtRequestFilter - JWT Token does not begin with Bearer String
2020-07-21 16:03:13 [http-nio-8100-exec-4] WARN  com.sms.filter.JwtRequestFilter - JWT Token does not begin with Bearer String
2020-07-21 16:03:27 [http-nio-8100-exec-6] WARN  com.sms.filter.JwtRequestFilter - JWT Token does not begin with Bearer String
2020-07-21 16:05:52 [http-nio-8100-exec-7] WARN  com.sms.filter.JwtRequestFilter - JWT Token does not begin with Bearer String
2020-07-21 16:05:52 [http-nio-8100-exec-9] WARN  com.sms.filter.JwtRequestFilter - JWT Token does not begin with Bearer String
2020-07-21 16:06:09 [http-nio-8100-exec-10] WARN  com.sms.filter.JwtRequestFilter - JWT Token does not begin with Bearer String
2020-07-21 16:06:11 [http-nio-8100-exec-2] WARN  com.sms.filter.JwtRequestFilter - JWT Token does not begin with Bearer String
2020-07-21 16:06:12 [http-nio-8100-exec-3] WARN  com.sms.filter.JwtRequestFilter - JWT Token does not begin with Bearer String
2020-07-21 16:06:20 [http-nio-8100-exec-1] WARN  com.sms.filter.JwtRequestFilter - JWT Token does not begin with Bearer String
2020-07-21 16:06:23 [http-nio-8100-exec-5] WARN  com.sms.filter.JwtRequestFilter - JWT Token does not begin with Bearer String
2020-07-21 16:08:18 [http-nio-8100-exec-6] WARN  com.sms.filter.JwtRequestFilter - JWT Token does not begin with Bearer String
2020-07-21 16:08:45 [http-nio-8100-exec-8] WARN  com.sms.filter.JwtRequestFilter - JWT Token does not begin with Bearer String
2020-07-21 16:08:59 [http-nio-8100-exec-7] WARN  com.sms.filter.JwtRequestFilter - JWT Token does not begin with Bearer String
2020-07-21 16:09:00 [http-nio-8100-exec-9] WARN  com.sms.filter.JwtRequestFilter - JWT Token does not begin with Bearer String
2020-07-21 16:09:26 [http-nio-8100-exec-10] WARN  com.sms.filter.JwtRequestFilter - JWT Token does not begin with Bearer String
2020-07-21 16:09:31 [http-nio-8100-exec-2] WARN  com.sms.filter.JwtRequestFilter - JWT Token does not begin with Bearer String
2020-07-21 16:09:31 [http-nio-8100-exec-2] WARN  com.sms.filter.JwtRequestFilter - JWT Token does not begin with Bearer String
2020-07-21 16:09:37 [http-nio-8100-exec-3] WARN  com.sms.filter.JwtRequestFilter - JWT Token does not begin with Bearer String
2020-07-21 16:09:37 [http-nio-8100-exec-1] WARN  com.sms.filter.JwtRequestFilter - JWT Token does not begin with Bearer String
2020-07-21 16:09:47 [http-nio-8100-exec-5] WARN  com.sms.filter.JwtRequestFilter - JWT Token does not begin with Bearer String
2020-07-21 16:11:50 [http-nio-8100-exec-6] WARN  com.sms.filter.JwtRequestFilter - JWT Token does not begin with Bearer String
2020-07-21 16:12:16 [http-nio-8100-exec-8] WARN  com.sms.filter.JwtRequestFilter - JWT Token does not begin with Bearer String
2020-07-21 16:12:16 [http-nio-8100-exec-7] WARN  com.sms.filter.JwtRequestFilter - JWT Token does not begin with Bearer String
2020-07-21 16:12:16 [http-nio-8100-exec-9] WARN  com.sms.filter.JwtRequestFilter - JWT Token does not begin with Bearer String
2020-07-21 16:12:53 [http-nio-8100-exec-10] WARN  com.sms.filter.JwtRequestFilter - JWT Token does not begin with Bearer String
2020-07-21 16:15:32 [http-nio-8100-exec-1] WARN  com.sms.filter.JwtRequestFilter - JWT Token does not begin with Bearer String
2020-07-21 16:16:16 [http-nio-8100-exec-5] WARN  com.sms.filter.JwtRequestFilter - JWT Token does not begin with Bearer String
2020-07-21 16:16:26 [http-nio-8100-exec-4] WARN  com.sms.filter.JwtRequestFilter - JWT Token does not begin with Bearer String
2020-07-21 16:16:44 [http-nio-8100-exec-6] WARN  com.sms.filter.JwtRequestFilter - JWT Token does not begin with Bearer String
2020-07-21 16:16:46 [http-nio-8100-exec-8] WARN  com.sms.filter.JwtRequestFilter - JWT Token does not begin with Bearer String
2020-07-21 16:16:48 [http-nio-8100-exec-7] WARN  com.sms.filter.JwtRequestFilter - JWT Token does not begin with Bearer String
2020-07-21 16:17:00 [http-nio-8100-exec-9] WARN  com.sms.filter.JwtRequestFilter - JWT Token does not begin with Bearer String
2020-07-21 16:18:06 [http-nio-8100-exec-2] WARN  com.sms.filter.JwtRequestFilter - JWT Token does not begin with Bearer String
2020-07-21 16:18:22 [http-nio-8100-exec-3] WARN  com.sms.filter.JwtRequestFilter - JWT Token does not begin with Bearer String
2020-07-21 16:18:23 [http-nio-8100-exec-1] WARN  com.sms.filter.JwtRequestFilter - JWT Token does not begin with Bearer String
2020-07-21 16:18:24 [http-nio-8100-exec-5] WARN  com.sms.filter.JwtRequestFilter - JWT Token does not begin with Bearer String
2020-07-21 16:18:27 [http-nio-8100-exec-4] WARN  com.sms.filter.JwtRequestFilter - JWT Token does not begin with Bearer String
2020-07-21 16:18:29 [http-nio-8100-exec-6] WARN  com.sms.filter.JwtRequestFilter - JWT Token does not begin with Bearer String
2020-07-21 16:18:30 [http-nio-8100-exec-8] WARN  com.sms.filter.JwtRequestFilter - JWT Token does not begin with Bearer String
2020-07-21 16:18:35 [http-nio-8100-exec-7] WARN  com.sms.filter.JwtRequestFilter - JWT Token does not begin with Bearer String
2020-07-21 16:18:36 [http-nio-8100-exec-9] WARN  com.sms.filter.JwtRequestFilter - JWT Token does not begin with Bearer String
2020-07-21 16:18:38 [http-nio-8100-exec-10] WARN  com.sms.filter.JwtRequestFilter - JWT Token does not begin with Bearer String
2020-07-21 16:18:43 [http-nio-8100-exec-2] WARN  com.sms.filter.JwtRequestFilter - JWT Token does not begin with Bearer String
2020-07-21 16:18:44 [http-nio-8100-exec-3] WARN  com.sms.filter.JwtRequestFilter - JWT Token does not begin with Bearer String
2020-07-21 16:18:46 [http-nio-8100-exec-1] WARN  com.sms.filter.JwtRequestFilter - JWT Token does not begin with Bearer String
2020-07-21 16:18:50 [http-nio-8100-exec-5] WARN  com.sms.filter.JwtRequestFilter - JWT Token does not begin with Bearer String
2020-07-21 16:18:52 [http-nio-8100-exec-4] WARN  com.sms.filter.JwtRequestFilter - JWT Token does not begin with Bearer String
2020-07-21 16:18:57 [http-nio-8100-exec-6] WARN  com.sms.filter.JwtRequestFilter - JWT Token does not begin with Bearer String
2020-07-21 16:19:02 [http-nio-8100-exec-8] WARN  com.sms.filter.JwtRequestFilter - JWT Token does not begin with Bearer String
2020-07-21 16:20:32 [http-nio-8100-exec-9] WARN  com.sms.filter.JwtRequestFilter - JWT Token does not begin with Bearer String
2020-07-21 16:26:34 [http-nio-8100-exec-2] WARN  com.sms.filter.JwtRequestFilter - JWT Token does not begin with Bearer String
2020-07-21 16:29:46 [http-nio-8100-exec-1] WARN  com.sms.filter.JwtRequestFilter - JWT Token does not begin with Bearer String
2020-07-21 16:31:28 [http-nio-8100-exec-4] WARN  com.sms.filter.JwtRequestFilter - JWT Token does not begin with Bearer String
2020-07-21 16:31:45 [http-nio-8100-exec-6] WARN  com.sms.filter.JwtRequestFilter - JWT Token does not begin with Bearer String
2020-07-21 16:31:45 [http-nio-8100-exec-8] WARN  com.sms.filter.JwtRequestFilter - JWT Token does not begin with Bearer String
2020-07-21 16:31:45 [http-nio-8100-exec-7] WARN  com.sms.filter.JwtRequestFilter - JWT Token does not begin with Bearer String
2020-07-21 16:31:45 [http-nio-8100-exec-9] WARN  com.sms.filter.JwtRequestFilter - JWT Token does not begin with Bearer String
2020-07-21 16:31:50 [http-nio-8100-exec-10] WARN  com.sms.filter.JwtRequestFilter - JWT Token does not begin with Bearer String
2020-07-21 16:31:52 [http-nio-8100-exec-2] WARN  com.sms.filter.JwtRequestFilter - JWT Token does not begin with Bearer String
2020-07-21 16:31:53 [http-nio-8100-exec-3] WARN  com.sms.filter.JwtRequestFilter - JWT Token does not begin with Bearer String
2020-07-21 16:31:56 [http-nio-8100-exec-1] WARN  com.sms.filter.JwtRequestFilter - JWT Token does not begin with Bearer String
2020-07-21 16:31:58 [http-nio-8100-exec-5] WARN  com.sms.filter.JwtRequestFilter - JWT Token does not begin with Bearer String
2020-07-21 16:33:48 [http-nio-8100-exec-6] WARN  com.sms.filter.JwtRequestFilter - JWT Token does not begin with Bearer String
2020-07-21 16:34:22 [http-nio-8100-exec-8] WARN  com.sms.filter.JwtRequestFilter - JWT Token does not begin with Bearer String
2020-07-21 16:34:24 [http-nio-8100-exec-7] WARN  com.sms.filter.JwtRequestFilter - JWT Token does not begin with Bearer String
2020-07-21 16:34:25 [http-nio-8100-exec-9] WARN  com.sms.filter.JwtRequestFilter - JWT Token does not begin with Bearer String
2020-07-21 16:35:09 [http-nio-8100-exec-10] WARN  com.sms.filter.JwtRequestFilter - JWT Token does not begin with Bearer String
2020-07-21 16:35:40 [http-nio-8100-exec-2] WARN  com.sms.filter.JwtRequestFilter - JWT Token does not begin with Bearer String
2020-07-21 16:37:44 [http-nio-8100-exec-1] WARN  com.sms.filter.JwtRequestFilter - JWT Token does not begin with Bearer String
2020-07-21 16:38:08 [http-nio-8100-exec-5] WARN  com.sms.filter.JwtRequestFilter - JWT Token does not begin with Bearer String
2020-07-21 16:38:12 [http-nio-8100-exec-4] WARN  com.sms.filter.JwtRequestFilter - JWT Token does not begin with Bearer String
2020-07-21 16:38:14 [http-nio-8100-exec-6] WARN  com.sms.filter.JwtRequestFilter - JWT Token does not begin with Bearer String
2020-07-21 16:38:32 [http-nio-8100-exec-8] WARN  com.sms.filter.JwtRequestFilter - JWT Token does not begin with Bearer String
2020-07-21 16:38:34 [http-nio-8100-exec-7] WARN  com.sms.filter.JwtRequestFilter - JWT Token does not begin with Bearer String
2020-07-21 16:44:23 [http-nio-8100-exec-10] WARN  com.sms.filter.JwtRequestFilter - JWT Token does not begin with Bearer String
2020-07-21 16:44:25 [http-nio-8100-exec-2] WARN  com.sms.filter.JwtRequestFilter - JWT Token does not begin with Bearer String
2020-07-21 16:44:42 [http-nio-8100-exec-3] WARN  com.sms.filter.JwtRequestFilter - JWT Token does not begin with Bearer String
2020-07-21 16:44:53 [http-nio-8100-exec-1] WARN  com.sms.filter.JwtRequestFilter - JWT Token does not begin with Bearer String
2020-07-21 16:44:55 [http-nio-8100-exec-5] WARN  com.sms.filter.JwtRequestFilter - JWT Token does not begin with Bearer String
2020-07-21 16:49:16 [http-nio-8100-exec-6] WARN  com.sms.filter.JwtRequestFilter - JWT Token does not begin with Bearer String
2020-07-21 16:49:17 [http-nio-8100-exec-8] WARN  com.sms.filter.JwtRequestFilter - JWT Token does not begin with Bearer String
2020-07-21 16:49:20 [http-nio-8100-exec-7] WARN  com.sms.filter.JwtRequestFilter - JWT Token does not begin with Bearer String
2020-07-21 16:50:15 [http-nio-8100-exec-9] WARN  com.sms.filter.JwtRequestFilter - JWT Token does not begin with Bearer String
2020-07-21 16:50:19 [http-nio-8100-exec-10] WARN  com.sms.filter.JwtRequestFilter - JWT Token does not begin with Bearer String
2020-07-21 16:50:25 [http-nio-8100-exec-2] WARN  com.sms.filter.JwtRequestFilter - JWT Token does not begin with Bearer String
2020-07-21 16:50:27 [http-nio-8100-exec-3] WARN  com.sms.filter.JwtRequestFilter - JWT Token does not begin with Bearer String
2020-07-21 16:50:36 [http-nio-8100-exec-1] WARN  com.sms.filter.JwtRequestFilter - JWT Token does not begin with Bearer String
2020-07-21 16:50:38 [http-nio-8100-exec-5] WARN  com.sms.filter.JwtRequestFilter - JWT Token does not begin with Bearer String
2020-07-21 16:50:50 [http-nio-8100-exec-4] WARN  com.sms.filter.JwtRequestFilter - JWT Token does not begin with Bearer String
2020-07-21 16:50:54 [http-nio-8100-exec-8] WARN  com.sms.filter.JwtRequestFilter - JWT Token does not begin with Bearer String
2020-07-21 16:51:37 [http-nio-8100-exec-9] WARN  com.sms.filter.JwtRequestFilter - JWT Token does not begin with Bearer String
2020-07-21 16:51:41 [http-nio-8100-exec-10] WARN  com.sms.filter.JwtRequestFilter - JWT Token does not begin with Bearer String
2020-07-21 16:51:51 [http-nio-8100-exec-2] WARN  com.sms.filter.JwtRequestFilter - JWT Token does not begin with Bearer String
2020-07-21 16:52:10 [http-nio-8100-exec-3] WARN  com.sms.filter.JwtRequestFilter - JWT Token does not begin with Bearer String
2020-07-21 16:52:13 [http-nio-8100-exec-1] WARN  com.sms.filter.JwtRequestFilter - JWT Token does not begin with Bearer String
2020-07-21 16:57:37 [http-nio-8100-exec-4] WARN  com.sms.filter.JwtRequestFilter - JWT Token does not begin with Bearer String
2020-07-21 16:57:41 [http-nio-8100-exec-6] WARN  com.sms.filter.JwtRequestFilter - JWT Token does not begin with Bearer String
2020-07-21 16:57:43 [http-nio-8100-exec-8] WARN  com.sms.filter.JwtRequestFilter - JWT Token does not begin with Bearer String
2020-07-21 16:57:52 [http-nio-8100-exec-7] WARN  com.sms.filter.JwtRequestFilter - JWT Token does not begin with Bearer String
2020-07-21 16:59:42 [http-nio-8100-exec-10] WARN  com.sms.filter.JwtRequestFilter - JWT Token does not begin with Bearer String
2020-07-21 17:04:44 [http-nio-8100-exec-3] WARN  com.sms.filter.JwtRequestFilter - JWT Token does not begin with Bearer String
2020-07-21 17:05:52 [http-nio-8100-exec-5] WARN  com.sms.filter.JwtRequestFilter - JWT Token does not begin with Bearer String
2020-07-21 17:07:30 [http-nio-8100-exec-6] WARN  com.sms.filter.JwtRequestFilter - JWT Token does not begin with Bearer String
2020-07-21 17:09:48 [http-nio-8100-exec-7] WARN  com.sms.filter.JwtRequestFilter - JWT Token does not begin with Bearer String
2020-07-21 17:11:09 [http-nio-8100-exec-10] WARN  com.sms.filter.JwtRequestFilter - JWT Token does not begin with Bearer String
2020-07-21 17:11:26 [http-nio-8100-exec-2] WARN  com.sms.filter.JwtRequestFilter - JWT Token does not begin with Bearer String
2020-07-21 17:19:08 [http-nio-8100-exec-1] WARN  com.sms.filter.JwtRequestFilter - JWT Token does not begin with Bearer String
2020-07-21 17:19:15 [http-nio-8100-exec-5] WARN  com.sms.filter.JwtRequestFilter - JWT Token does not begin with Bearer String
2020-07-21 17:20:31 [http-nio-8100-exec-6] WARN  com.sms.filter.JwtRequestFilter - JWT Token does not begin with Bearer String
2020-07-21 17:20:58 [http-nio-8100-exec-8] WARN  com.sms.filter.JwtRequestFilter - JWT Token does not begin with Bearer String
2020-07-21 17:21:06 [http-nio-8100-exec-7] WARN  com.sms.filter.JwtRequestFilter - JWT Token does not begin with Bearer String
2020-07-21 21:53:25 [http-nio-8100-exec-10] WARN  com.sms.filter.JwtRequestFilter - JWT Token does not begin with Bearer String
2020-07-21 21:53:32 [http-nio-8100-exec-2] WARN  com.sms.filter.JwtRequestFilter - JWT Token does not begin with Bearer String
2020-07-21 21:53:33 [http-nio-8100-exec-3] WARN  com.sms.filter.JwtRequestFilter - JWT Token does not begin with Bearer String
2020-07-21 21:53:35 [http-nio-8100-exec-1] WARN  com.sms.filter.JwtRequestFilter - JWT Token does not begin with Bearer String
2020-07-21 21:53:41 [http-nio-8100-exec-5] WARN  com.sms.filter.JwtRequestFilter - JWT Token does not begin with Bearer String
2020-07-21 21:53:44 [http-nio-8100-exec-4] WARN  com.sms.filter.JwtRequestFilter - JWT Token does not begin with Bearer String
2020-07-21 21:53:55 [http-nio-8100-exec-6] WARN  com.sms.filter.JwtRequestFilter - JWT Token does not begin with Bearer String
2020-07-21 21:54:06 [http-nio-8100-exec-8] WARN  com.sms.filter.JwtRequestFilter - JWT Token does not begin with Bearer String
2020-07-21 21:54:09 [http-nio-8100-exec-7] WARN  com.sms.filter.JwtRequestFilter - JWT Token does not begin with Bearer String
2020-07-21 21:54:12 [http-nio-8100-exec-9] WARN  com.sms.filter.JwtRequestFilter - JWT Token does not begin with Bearer String
2020-07-21 21:54:14 [http-nio-8100-exec-10] WARN  com.sms.filter.JwtRequestFilter - JWT Token does not begin with Bearer String
2020-07-21 21:54:29 [http-nio-8100-exec-2] WARN  com.sms.filter.JwtRequestFilter - JWT Token does not begin with Bearer String
2020-07-21 21:54:44 [http-nio-8100-exec-3] WARN  com.sms.filter.JwtRequestFilter - JWT Token does not begin with Bearer String
2020-07-21 21:54:46 [http-nio-8100-exec-1] WARN  com.sms.filter.JwtRequestFilter - JWT Token does not begin with Bearer String
2020-07-21 21:54:48 [http-nio-8100-exec-5] WARN  com.sms.filter.JwtRequestFilter - JWT Token does not begin with Bearer String
2020-07-21 21:54:52 [http-nio-8100-exec-4] WARN  com.sms.filter.JwtRequestFilter - JWT Token does not begin with Bearer String
2020-07-21 21:54:54 [http-nio-8100-exec-6] WARN  com.sms.filter.JwtRequestFilter - JWT Token does not begin with Bearer String
2020-07-21 21:54:56 [http-nio-8100-exec-8] WARN  com.sms.filter.JwtRequestFilter - JWT Token does not begin with Bearer String
2020-07-21 21:54:58 [http-nio-8100-exec-7] WARN  com.sms.filter.JwtRequestFilter - JWT Token does not begin with Bearer String
2020-07-21 22:02:31 [http-nio-8100-exec-10] WARN  com.sms.filter.JwtRequestFilter - JWT Token does not begin with Bearer String
2020-07-21 22:04:59 [http-nio-8100-exec-3] WARN  com.sms.filter.JwtRequestFilter - JWT Token does not begin with Bearer String
2020-07-21 22:05:02 [http-nio-8100-exec-1] WARN  com.sms.filter.JwtRequestFilter - JWT Token does not begin with Bearer String
2020-07-21 22:05:04 [http-nio-8100-exec-5] WARN  com.sms.filter.JwtRequestFilter - JWT Token does not begin with Bearer String
2020-07-21 22:05:46 [http-nio-8100-exec-4] WARN  com.sms.filter.JwtRequestFilter - JWT Token does not begin with Bearer String
2020-07-21 22:07:48 [http-nio-8100-exec-8] WARN  com.sms.filter.JwtRequestFilter - JWT Token does not begin with Bearer String
2020-07-21 22:25:54 [http-nio-8100-exec-9] WARN  com.sms.filter.JwtRequestFilter - JWT Token does not begin with Bearer String
2020-07-21 22:25:56 [http-nio-8100-exec-10] WARN  com.sms.filter.JwtRequestFilter - JWT Token does not begin with Bearer String
2020-07-21 22:25:57 [http-nio-8100-exec-2] WARN  com.sms.filter.JwtRequestFilter - JWT Token does not begin with Bearer String
2020-07-21 22:25:57 [http-nio-8100-exec-3] WARN  com.sms.filter.JwtRequestFilter - JWT Token does not begin with Bearer String
2020-07-21 22:26:02 [http-nio-8100-exec-1] WARN  com.sms.filter.JwtRequestFilter - JWT Token does not begin with Bearer String
2020-07-21 22:26:03 [http-nio-8100-exec-5] WARN  com.sms.filter.JwtRequestFilter - JWT Token does not begin with Bearer String
2020-07-21 22:26:04 [http-nio-8100-exec-4] WARN  com.sms.filter.JwtRequestFilter - JWT Token does not begin with Bearer String
2020-07-21 22:26:05 [http-nio-8100-exec-6] WARN  com.sms.filter.JwtRequestFilter - JWT Token does not begin with Bearer String
2020-07-21 22:28:30 [http-nio-8100-exec-7] WARN  com.sms.filter.JwtRequestFilter - JWT Token does not begin with Bearer String
2020-07-21 22:28:31 [http-nio-8100-exec-9] WARN  com.sms.filter.JwtRequestFilter - JWT Token does not begin with Bearer String
2020-07-21 22:28:34 [http-nio-8100-exec-10] WARN  com.sms.filter.JwtRequestFilter - JWT Token does not begin with Bearer String
2020-07-21 22:29:15 [http-nio-8100-exec-2] WARN  com.sms.filter.JwtRequestFilter - JWT Token does not begin with Bearer String
2020-07-21 22:31:12 [http-nio-8100-exec-1] WARN  com.sms.filter.JwtRequestFilter - JWT Token does not begin with Bearer String
2020-07-21 22:32:01 [http-nio-8100-exec-5] WARN  com.sms.filter.JwtRequestFilter - JWT Token does not begin with Bearer String
2020-07-21 22:32:43 [http-nio-8100-exec-4] WARN  com.sms.filter.JwtRequestFilter - JWT Token does not begin with Bearer String
2020-07-21 22:38:46 [http-nio-8100-exec-8] WARN  com.sms.filter.JwtRequestFilter - JWT Token does not begin with Bearer String
2020-07-21 22:41:45 [http-nio-8100-exec-9] WARN  com.sms.filter.JwtRequestFilter - JWT Token does not begin with Bearer String
2020-07-21 22:41:45 [http-nio-8100-exec-10] WARN  com.sms.filter.JwtRequestFilter - JWT Token does not begin with Bearer String
2020-07-21 22:41:46 [http-nio-8100-exec-2] WARN  com.sms.filter.JwtRequestFilter - JWT Token does not begin with Bearer String
2020-07-21 22:41:46 [http-nio-8100-exec-3] WARN  com.sms.filter.JwtRequestFilter - JWT Token does not begin with Bearer String
2020-07-21 22:41:46 [http-nio-8100-exec-1] WARN  com.sms.filter.JwtRequestFilter - JWT Token does not begin with Bearer String
2020-07-21 22:41:46 [http-nio-8100-exec-5] WARN  com.sms.filter.JwtRequestFilter - JWT Token does not begin with Bearer String
2020-07-21 22:44:07 [http-nio-8100-exec-8] WARN  com.sms.filter.JwtRequestFilter - JWT Token does not begin with Bearer String
2020-07-21 22:44:25 [http-nio-8100-exec-7] WARN  com.sms.filter.JwtRequestFilter - JWT Token does not begin with Bearer String
2020-07-21 22:47:28 [http-nio-8100-exec-10] WARN  com.sms.filter.JwtRequestFilter - JWT Token does not begin with Bearer String
2020-07-21 22:48:00 [http-nio-8100-exec-2] WARN  com.sms.filter.JwtRequestFilter - JWT Token does not begin with Bearer String
2020-07-21 22:48:10 [http-nio-8100-exec-3] WARN  com.sms.filter.JwtRequestFilter - JWT Token does not begin with Bearer String
2020-07-21 22:48:17 [http-nio-8100-exec-1] WARN  com.sms.filter.JwtRequestFilter - JWT Token does not begin with Bearer String
2020-07-21 22:48:22 [http-nio-8100-exec-5] WARN  com.sms.filter.JwtRequestFilter - JWT Token does not begin with Bearer String
2020-07-21 22:48:27 [http-nio-8100-exec-4] WARN  com.sms.filter.JwtRequestFilter - JWT Token does not begin with Bearer String
2020-07-21 22:48:28 [http-nio-8100-exec-6] WARN  com.sms.filter.JwtRequestFilter - JWT Token does not begin with Bearer String
2020-07-21 22:48:30 [http-nio-8100-exec-8] WARN  com.sms.filter.JwtRequestFilter - JWT Token does not begin with Bearer String
2020-07-21 22:48:33 [http-nio-8100-exec-7] WARN  com.sms.filter.JwtRequestFilter - JWT Token does not begin with Bearer String
2020-07-21 22:48:35 [http-nio-8100-exec-9] WARN  com.sms.filter.JwtRequestFilter - JWT Token does not begin with Bearer String
2020-07-21 22:49:49 [http-nio-8100-exec-2] WARN  com.sms.filter.JwtRequestFilter - JWT Token does not begin with Bearer String
2020-07-21 22:49:49 [http-nio-8100-exec-3] WARN  com.sms.filter.JwtRequestFilter - JWT Token does not begin with Bearer String
2020-07-21 22:49:49 [http-nio-8100-exec-1] WARN  com.sms.filter.JwtRequestFilter - JWT Token does not begin with Bearer String
2020-07-21 22:49:49 [http-nio-8100-exec-5] WARN  com.sms.filter.JwtRequestFilter - JWT Token does not begin with Bearer String
2020-07-21 22:49:49 [http-nio-8100-exec-4] WARN  com.sms.filter.JwtRequestFilter - JWT Token does not begin with Bearer String
2020-07-21 22:49:49 [http-nio-8100-exec-6] WARN  com.sms.filter.JwtRequestFilter - JWT Token does not begin with Bearer String
2020-07-21 22:49:58 [http-nio-8100-exec-8] WARN  com.sms.filter.JwtRequestFilter - JWT Token does not begin with Bearer String
2020-07-21 22:49:58 [http-nio-8100-exec-7] WARN  com.sms.filter.JwtRequestFilter - JWT Token does not begin with Bearer String
2020-07-21 22:50:06 [http-nio-8100-exec-9] WARN  com.sms.filter.JwtRequestFilter - JWT Token does not begin with Bearer String
2020-07-21 22:50:09 [http-nio-8100-exec-10] WARN  com.sms.filter.JwtRequestFilter - JWT Token does not begin with Bearer String
2020-07-21 22:50:11 [http-nio-8100-exec-2] WARN  com.sms.filter.JwtRequestFilter - JWT Token does not begin with Bearer String
2020-07-21 22:50:14 [http-nio-8100-exec-3] WARN  com.sms.filter.JwtRequestFilter - JWT Token does not begin with Bearer String
2020-07-21 22:50:22 [http-nio-8100-exec-1] WARN  com.sms.filter.JwtRequestFilter - JWT Token does not begin with Bearer String
2020-07-21 22:50:31 [http-nio-8100-exec-5] WARN  com.sms.filter.JwtRequestFilter - JWT Token does not begin with Bearer String
2020-07-21 22:50:39 [http-nio-8100-exec-4] WARN  com.sms.filter.JwtRequestFilter - JWT Token does not begin with Bearer String
2020-07-21 22:50:50 [http-nio-8100-exec-8] WARN  com.sms.filter.JwtRequestFilter - JWT Token does not begin with Bearer String
2020-07-21 22:50:56 [http-nio-8100-exec-7] WARN  com.sms.filter.JwtRequestFilter - JWT Token does not begin with Bearer String
2020-07-21 22:51:05 [http-nio-8100-exec-9] WARN  com.sms.filter.JwtRequestFilter - JWT Token does not begin with Bearer String
2020-07-21 22:51:10 [http-nio-8100-exec-10] WARN  com.sms.filter.JwtRequestFilter - JWT Token does not begin with Bearer String
2020-07-21 22:51:11 [http-nio-8100-exec-2] WARN  com.sms.filter.JwtRequestFilter - JWT Token does not begin with Bearer String
2020-07-21 22:51:13 [http-nio-8100-exec-3] WARN  com.sms.filter.JwtRequestFilter - JWT Token does not begin with Bearer String
2020-07-21 22:51:13 [http-nio-8100-exec-1] WARN  com.sms.filter.JwtRequestFilter - JWT Token does not begin with Bearer String
2020-07-21 22:51:14 [http-nio-8100-exec-5] WARN  com.sms.filter.JwtRequestFilter - JWT Token does not begin with Bearer String
2020-07-21 22:51:20 [http-nio-8100-exec-4] WARN  com.sms.filter.JwtRequestFilter - JWT Token does not begin with Bearer String
2020-07-21 22:52:12 [http-nio-8100-exec-6] WARN  com.sms.filter.JwtRequestFilter - JWT Token does not begin with Bearer String
2020-07-21 22:52:15 [http-nio-8100-exec-8] WARN  com.sms.filter.JwtRequestFilter - JWT Token does not begin with Bearer String
2020-07-21 22:52:17 [http-nio-8100-exec-7] WARN  com.sms.filter.JwtRequestFilter - JWT Token does not begin with Bearer String
2020-07-21 22:52:17 [http-nio-8100-exec-9] WARN  com.sms.filter.JwtRequestFilter - JWT Token does not begin with Bearer String
2020-07-21 22:52:18 [http-nio-8100-exec-10] WARN  com.sms.filter.JwtRequestFilter - JWT Token does not begin with Bearer String
2020-07-21 22:52:19 [http-nio-8100-exec-2] WARN  com.sms.filter.JwtRequestFilter - JWT Token does not begin with Bearer String
2020-07-21 22:52:34 [http-nio-8100-exec-3] WARN  com.sms.filter.JwtRequestFilter - JWT Token does not begin with Bearer String
2020-07-21 22:53:03 [http-nio-8100-exec-1] WARN  com.sms.filter.JwtRequestFilter - JWT Token does not begin with Bearer String
2020-07-21 22:53:12 [http-nio-8100-exec-5] WARN  com.sms.filter.JwtRequestFilter - JWT Token does not begin with Bearer String
2020-07-21 22:53:23 [http-nio-8100-exec-4] WARN  com.sms.filter.JwtRequestFilter - JWT Token does not begin with Bearer String
2020-07-21 22:53:57 [http-nio-8100-exec-6] WARN  com.sms.filter.JwtRequestFilter - JWT Token does not begin with Bearer String
2020-07-21 22:54:12 [http-nio-8100-exec-8] WARN  com.sms.filter.JwtRequestFilter - JWT Token does not begin with Bearer String
2020-07-21 22:54:31 [http-nio-8100-exec-7] WARN  com.sms.filter.JwtRequestFilter - JWT Token does not begin with Bearer String
2020-07-21 22:54:40 [http-nio-8100-exec-9] WARN  com.sms.filter.JwtRequestFilter - JWT Token does not begin with Bearer String
2020-07-21 22:54:42 [http-nio-8100-exec-10] WARN  com.sms.filter.JwtRequestFilter - JWT Token does not begin with Bearer String
2020-07-21 22:54:43 [http-nio-8100-exec-2] WARN  com.sms.filter.JwtRequestFilter - JWT Token does not begin with Bearer String
2020-07-21 22:54:50 [http-nio-8100-exec-3] WARN  com.sms.filter.JwtRequestFilter - JWT Token does not begin with Bearer String
2020-07-21 22:57:27 [http-nio-8100-exec-5] WARN  com.sms.filter.JwtRequestFilter - JWT Token does not begin with Bearer String
2020-07-21 22:58:24 [http-nio-8100-exec-4] WARN  com.sms.filter.JwtRequestFilter - JWT Token does not begin with Bearer String
2020-07-21 22:59:01 [http-nio-8100-exec-6] WARN  com.sms.filter.JwtRequestFilter - JWT Token does not begin with Bearer String
2020-07-21 23:00:15 [http-nio-8100-exec-7] WARN  com.sms.filter.JwtRequestFilter - JWT Token does not begin with Bearer String
2020-07-21 23:00:27 [http-nio-8100-exec-9] WARN  com.sms.filter.JwtRequestFilter - JWT Token does not begin with Bearer String
2020-07-21 23:00:33 [http-nio-8100-exec-10] WARN  com.sms.filter.JwtRequestFilter - JWT Token does not begin with Bearer String
2020-07-21 23:00:34 [http-nio-8100-exec-2] WARN  com.sms.filter.JwtRequestFilter - JWT Token does not begin with Bearer String
2020-07-21 23:00:41 [http-nio-8100-exec-3] WARN  com.sms.filter.JwtRequestFilter - JWT Token does not begin with Bearer String
2020-07-21 23:00:43 [http-nio-8100-exec-1] WARN  com.sms.filter.JwtRequestFilter - JWT Token does not begin with Bearer String
2020-07-21 23:00:45 [http-nio-8100-exec-5] WARN  com.sms.filter.JwtRequestFilter - JWT Token does not begin with Bearer String
2020-07-21 23:01:02 [http-nio-8100-exec-4] WARN  com.sms.filter.JwtRequestFilter - JWT Token does not begin with Bearer String
2020-07-21 23:01:08 [http-nio-8100-exec-6] WARN  com.sms.filter.JwtRequestFilter - JWT Token does not begin with Bearer String
2020-07-21 23:01:09 [http-nio-8100-exec-8] WARN  com.sms.filter.JwtRequestFilter - JWT Token does not begin with Bearer String
2020-07-21 23:01:10 [http-nio-8100-exec-7] WARN  com.sms.filter.JwtRequestFilter - JWT Token does not begin with Bearer String
2020-07-21 23:01:11 [http-nio-8100-exec-9] WARN  com.sms.filter.JwtRequestFilter - JWT Token does not begin with Bearer String
2020-07-21 23:01:13 [http-nio-8100-exec-10] WARN  com.sms.filter.JwtRequestFilter - JWT Token does not begin with Bearer String
2020-07-21 23:01:14 [http-nio-8100-exec-2] WARN  com.sms.filter.JwtRequestFilter - JWT Token does not begin with Bearer String
2020-07-21 23:02:08 [http-nio-8100-exec-3] WARN  com.sms.filter.JwtRequestFilter - JWT Token does not begin with Bearer String
2020-07-21 23:02:17 [http-nio-8100-exec-1] WARN  com.sms.filter.JwtRequestFilter - JWT Token does not begin with Bearer String
2020-07-21 23:02:20 [http-nio-8100-exec-5] WARN  com.sms.filter.JwtRequestFilter - JWT Token does not begin with Bearer String
2020-07-21 23:02:29 [http-nio-8100-exec-4] WARN  com.sms.filter.JwtRequestFilter - JWT Token does not begin with Bearer String
2020-07-21 23:02:39 [http-nio-8100-exec-6] WARN  com.sms.filter.JwtRequestFilter - JWT Token does not begin with Bearer String
2020-07-21 23:02:45 [http-nio-8100-exec-8] WARN  com.sms.filter.JwtRequestFilter - JWT Token does not begin with Bearer String
2020-07-21 23:02:52 [http-nio-8100-exec-7] WARN  com.sms.filter.JwtRequestFilter - JWT Token does not begin with Bearer String
2020-07-21 23:02:59 [http-nio-8100-exec-9] WARN  com.sms.filter.JwtRequestFilter - JWT Token does not begin with Bearer String
2020-07-21 23:05:30 [http-nio-8100-exec-2] WARN  com.sms.filter.JwtRequestFilter - JWT Token does not begin with Bearer String
2020-07-21 23:08:08 [http-nio-8100-exec-1] WARN  com.sms.filter.JwtRequestFilter - JWT Token does not begin with Bearer String
2020-07-21 23:08:09 [http-nio-8100-exec-5] WARN  com.sms.filter.JwtRequestFilter - JWT Token does not begin with Bearer String
2020-07-21 23:08:11 [http-nio-8100-exec-4] WARN  com.sms.filter.JwtRequestFilter - JWT Token does not begin with Bearer String
2020-07-21 23:08:25 [RMI TCP Connection(2)-127.0.0.1] INFO  o.s.b.a.SpringApplicationAdminMXBeanRegistrar$SpringApplicationAdmin - Application shutdown requested.
2020-07-21 23:08:25 [RMI TCP Connection(2)-127.0.0.1] INFO  o.s.s.c.ThreadPoolTaskExecutor - Shutting down ExecutorService 'applicationTaskExecutor'
